#
# There is insufficient memory for the Java Runtime Environment to continue.
# Native memory allocation (mmap) failed to map 111149056 bytes. Error detail: G1 virtual space
# Possible reasons:
#   The system is out of physical RAM or swap space
#   This process is running with CompressedOops enabled, and the Java Heap may be blocking the growth of the native heap
# Possible solutions:
#   Reduce memory load on the system
#   Increase physical memory or swap space
#   Check if swap backing store is full
#   Decrease Java heap size (-Xmx/-Xms)
#   Decrease number of Java threads
#   Decrease Java thread stack sizes (-Xss)
#   Set larger code cache with -XX:ReservedCodeCacheSize=
#   JVM is running with Zero Based Compressed Oops mode in which the Java heap is
#     placed in the first 32GB address space. The Java Heap base address is the
#     maximum limit for the native heap growth. Please use -XX:HeapBaseMinAddress
#     to set the Java Heap base and to place the Java Heap above 32GB virtual address.
# This output file may be truncated or incomplete.
#
#  Out of Memory Error (os_windows.cpp:3631), pid=22600, tid=14472
#
# JRE version: Java(TM) SE Runtime Environment (22.0.2+9) (build 22.0.2+9-70)
# Java VM: Java HotSpot(TM) 64-Bit Server VM (22.0.2+9-70, mixed mode, emulated-client, sharing, tiered, compressed oops, compressed class ptrs, g1 gc, windows-amd64)
# No core dump will be written. Minidumps are not enabled by default on client versions of Windows
#

---------------  S U M M A R Y ------------

Command Line: -XX:TieredStopAtLevel=1 -Dspring.output.ansi.enabled=always -Dcom.sun.management.jmxremote -Dspring.jmx.enabled=true -Dspring.liveBeansView.mbeanDomain -Dspring.application.admin.enabled=true -Dmanagement.endpoints.jmx.exposure.include=* -javaagent:D:\Intellij Idea\IntelliJ IDEA 2024.2.1\lib\idea_rt.jar=49402:D:\Intellij Idea\IntelliJ IDEA 2024.2.1\bin -Dfile.encoding=UTF-8 -Dsun.stdout.encoding=UTF-8 -Dsun.stderr.encoding=UTF-8 com.example.backend.BackEndApplication

Host: 13th Gen Intel(R) Core(TM) i5-13500H, 16 cores, 15G,  Windows 11 , 64 bit Build 22621 (10.0.22621.4830)
Time: Fri Feb  7 19:48:43 2025  Windows 11 , 64 bit Build 22621 (10.0.22621.4830) elapsed time: 1.744841 seconds (0d 0h 0m 1s)

---------------  T H R E A D  ---------------

Current thread (0x0000014f133708b0):  VMThread "VM Thread"          [id=14472, stack(0x0000003789c00000,0x0000003789d00000) (1024K)]

Stack: [0x0000003789c00000,0x0000003789d00000]
Native frames: (J=compiled Java code, j=interpreted, Vv=VM code, C=native code)
V  [jvm.dll+0x6e26e9]  (no source info available)
V  [jvm.dll+0x875753]  (no source info available)
V  [jvm.dll+0x877b7e]  (no source info available)
V  [jvm.dll+0x878253]  (no source info available)
V  [jvm.dll+0x27fc86]  (no source info available)
V  [jvm.dll+0x6ded85]  (no source info available)
V  [jvm.dll+0x6d388a]  (no source info available)
V  [jvm.dll+0x358b8a]  (no source info available)
V  [jvm.dll+0x3610b6]  (no source info available)
V  [jvm.dll+0x3b419e]  (no source info available)
V  [jvm.dll+0x3b4448]  (no source info available)
V  [jvm.dll+0x32c5ec]  (no source info available)
V  [jvm.dll+0x32c677]  (no source info available)
V  [jvm.dll+0x37244c]  (no source info available)
V  [jvm.dll+0x370b46]  (no source info available)
V  [jvm.dll+0x32bcd7]  (no source info available)
V  [jvm.dll+0x32f8d6]  (no source info available)
V  [jvm.dll+0x386326]  (no source info available)
V  [jvm.dll+0x87e0f0]  (no source info available)
V  [jvm.dll+0x87f477]  (no source info available)
V  [jvm.dll+0x87f9f0]  (no source info available)
V  [jvm.dll+0x87fc93]  (no source info available)
V  [jvm.dll+0x81dc0b]  (no source info available)
V  [jvm.dll+0x6e0d85]  (no source info available)
C  [ucrtbase.dll+0x29333]  (no source info available)
C  [KERNEL32.DLL+0x1259d]  (no source info available)
C  [ntdll.dll+0x5af38]  (no source info available)

VM_Operation (0x00000037895fd480): CollectForMetadataAllocation, mode: safepoint, requested by thread 0x0000014f7d73c010


---------------  P R O C E S S  ---------------

Threads class SMR info:
_java_thread_list=0x0000014f59f4d040, length=25, elements={
0x0000014f7d73c010, 0x0000014f1338fb50, 0x0000014f13392980, 0x0000014f13393be0,
0x0000014f13398490, 0x0000014f13398ef0, 0x0000014f133a1a90, 0x0000014f13450090,
0x0000014f134cf730, 0x0000014f1355d5f0, 0x0000014f135c6b50, 0x0000014f1381fcf0,
0x0000014f59020090, 0x0000014f5915bd80, 0x0000014f591b8a60, 0x0000014f591b9120,
0x0000014f592d86a0, 0x0000014f59a3b9a0, 0x0000014f59a3d070, 0x0000014f59a3db40,
0x0000014f59a3e200, 0x0000014f59a3f4d0, 0x0000014f59a433d0, 0x0000014f5a042700,
0x0000014f5a06c4e0
}

Java Threads: ( => current thread )
  0x0000014f7d73c010 JavaThread "main"                              [_thread_blocked, id=5924, stack(0x0000003789500000,0x0000003789600000) (1024K)]
  0x0000014f1338fb50 JavaThread "Reference Handler"          daemon [_thread_blocked, id=12956, stack(0x0000003789d00000,0x0000003789e00000) (1024K)]
  0x0000014f13392980 JavaThread "Finalizer"                  daemon [_thread_blocked, id=8784, stack(0x0000003789e00000,0x0000003789f00000) (1024K)]
  0x0000014f13393be0 JavaThread "Signal Dispatcher"          daemon [_thread_blocked, id=18516, stack(0x0000003789f00000,0x000000378a000000) (1024K)]
  0x0000014f13398490 JavaThread "Attach Listener"            daemon [_thread_blocked, id=23396, stack(0x000000378a000000,0x000000378a100000) (1024K)]
  0x0000014f13398ef0 JavaThread "Service Thread"             daemon [_thread_blocked, id=21964, stack(0x000000378a100000,0x000000378a200000) (1024K)]
  0x0000014f133a1a90 JavaThread "Monitor Deflation Thread"   daemon [_thread_blocked, id=22876, stack(0x000000378a200000,0x000000378a300000) (1024K)]
  0x0000014f13450090 JavaThread "C1 CompilerThread0"         daemon [_thread_blocked, id=12928, stack(0x000000378a300000,0x000000378a400000) (1024K)]
  0x0000014f134cf730 JavaThread "C1 CompilerThread1"         daemon [_thread_blocked, id=23164, stack(0x000000378a400000,0x000000378a500000) (1024K)]
  0x0000014f1355d5f0 JavaThread "Common-Cleaner"             daemon [_thread_blocked, id=23452, stack(0x000000378a500000,0x000000378a600000) (1024K)]
  0x0000014f135c6b50 JavaThread "C1 CompilerThread2"         daemon [_thread_blocked, id=21196, stack(0x000000378a600000,0x000000378a700000) (1024K)]
  0x0000014f1381fcf0 JavaThread "Monitor Ctrl-Break"         daemon [_thread_in_native, id=23468, stack(0x000000378a700000,0x000000378a800000) (1024K)]
  0x0000014f59020090 JavaThread "Notification Thread"        daemon [_thread_blocked, id=7528, stack(0x000000378a800000,0x000000378a900000) (1024K)]
  0x0000014f5915bd80 JavaThread "C1 CompilerThread3"         daemon [_thread_blocked, id=18304, stack(0x000000378a900000,0x000000378aa00000) (1024K)]
  0x0000014f591b8a60 JavaThread "C1 CompilerThread4"         daemon [_thread_blocked, id=23076, stack(0x000000378aa00000,0x000000378ab00000) (1024K)]
  0x0000014f591b9120 JavaThread "C1 CompilerThread5"         daemon [_thread_blocked, id=22748, stack(0x000000378ab00000,0x000000378ac00000) (1024K)]
  0x0000014f592d86a0 JavaThread "RMI TCP Accept-0"           daemon [_thread_in_native, id=23528, stack(0x000000378ac00000,0x000000378ad00000) (1024K)]
  0x0000014f59a3b9a0 JavaThread "C1 CompilerThread6"         daemon [_thread_blocked, id=19720, stack(0x000000378b400000,0x000000378b500000) (1024K)]
  0x0000014f59a3d070 JavaThread "C1 CompilerThread7"         daemon [_thread_blocked, id=22856, stack(0x000000378b500000,0x000000378b600000) (1024K)]
  0x0000014f59a3db40 JavaThread "C1 CompilerThread8"         daemon [_thread_blocked, id=12272, stack(0x000000378b600000,0x000000378b700000) (1024K)]
  0x0000014f59a3e200 JavaThread "C1 CompilerThread9"         daemon [_thread_blocked, id=5788, stack(0x000000378b700000,0x000000378b800000) (1024K)]
  0x0000014f59a3f4d0 JavaThread "C1 CompilerThread10"        daemon [_thread_blocked, id=15120, stack(0x000000378b800000,0x000000378b900000) (1024K)]
  0x0000014f59a433d0 JavaThread "C1 CompilerThread11"        daemon [_thread_blocked, id=22064, stack(0x000000378b900000,0x000000378ba00000) (1024K)]
  0x0000014f5a042700 JavaThread "RMI TCP Connection(1)-192.168.1.4" daemon [_thread_in_native, id=23012, stack(0x000000378b300000,0x000000378b400000) (1024K)]
  0x0000014f5a06c4e0 JavaThread "RMI Scheduler(0)"           daemon [_thread_blocked, id=17896, stack(0x000000378c200000,0x000000378c300000) (1024K)]
Total: 25

Other Threads:
=>0x0000014f133708b0 VMThread "VM Thread"                           [id=14472, stack(0x0000003789c00000,0x0000003789d00000) (1024K)]
  0x0000014f7fa3e8d0 WatcherThread "VM Periodic Task Thread"        [id=22756, stack(0x0000003789b00000,0x0000003789c00000) (1024K)]
  0x0000014f7fab3800 WorkerThread "GC Thread#0"                     [id=15588, stack(0x0000003789600000,0x0000003789700000) (1024K)]
  0x0000014f595c0210 WorkerThread "GC Thread#1"                     [id=19736, stack(0x000000378ad00000,0x000000378ae00000) (1024K)]
  0x0000014f595962b0 WorkerThread "GC Thread#2"                     [id=5504, stack(0x000000378ae00000,0x000000378af00000) (1024K)]
  0x0000014f59596a60 WorkerThread "GC Thread#3"                     [id=18536, stack(0x000000378af00000,0x000000378b000000) (1024K)]
  0x0000014f59597220 WorkerThread "GC Thread#4"                     [id=22788, stack(0x000000378b000000,0x000000378b100000) (1024K)]
  0x0000014f595a3e10 WorkerThread "GC Thread#5"                     [id=23184, stack(0x000000378b100000,0x000000378b200000) (1024K)]
  0x0000014f59642560 WorkerThread "GC Thread#6"                     [id=18776, stack(0x000000378b200000,0x000000378b300000) (1024K)]
  0x0000014f59a72b90 WorkerThread "GC Thread#7"                     [id=10680, stack(0x000000378ba00000,0x000000378bb00000) (1024K)]
  0x0000014f59a72f40 WorkerThread "GC Thread#8"                     [id=11800, stack(0x000000378bb00000,0x000000378bc00000) (1024K)]
  0x0000014f59a732f0 WorkerThread "GC Thread#9"                     [id=1640, stack(0x000000378bc00000,0x000000378bd00000) (1024K)]
  0x0000014f59a736a0 WorkerThread "GC Thread#10"                    [id=23232, stack(0x000000378bd00000,0x000000378be00000) (1024K)]
  0x0000014f59a73a50 WorkerThread "GC Thread#11"                    [id=13328, stack(0x000000378be00000,0x000000378bf00000) (1024K)]
  0x0000014f59a69180 WorkerThread "GC Thread#12"                    [id=23320, stack(0x000000378c100000,0x000000378c200000) (1024K)]
  0x0000014f7fac4420 ConcurrentGCThread "G1 Main Marker"            [id=15916, stack(0x0000003789700000,0x0000003789800000) (1024K)]
  0x0000014f7fac4f30 WorkerThread "G1 Conc#0"                       [id=3128, stack(0x0000003789800000,0x0000003789900000) (1024K)]
  0x0000014f59643590 WorkerThread "G1 Conc#1"                       [id=18648, stack(0x000000378bf00000,0x000000378c000000) (1024K)]
  0x0000014f59a698e0 WorkerThread "G1 Conc#2"                       [id=18444, stack(0x000000378c000000,0x000000378c100000) (1024K)]
  0x0000014f1322a7c0 ConcurrentGCThread "G1 Refine#0"               [id=23148, stack(0x0000003789900000,0x0000003789a00000) (1024K)]
  0x0000014f1322b150 ConcurrentGCThread "G1 Service"                [id=18260, stack(0x0000003789a00000,0x0000003789b00000) (1024K)]
Total: 21

Threads with active compile tasks:
Total: 0

VM state: at safepoint (normal execution)

VM Mutex/Monitor currently owned by a thread:  ([mutex/lock_event])
[0x00007ffd1f44cb80] Threads_lock - owner thread: 0x0000014f133708b0
[0x00007ffd1f44cc80] Heap_lock - owner thread: 0x0000014f7d73c010

Heap address: 0x0000000705800000, size: 4008 MB, Compressed Oops mode: Zero based, Oop shift amount: 3

CDS archive(s) mapped at: [0x0000014f14000000-0x0000014f14c60000-0x0000014f14c60000), size 12976128, SharedBaseAddress: 0x0000014f14000000, ArchiveRelocationMode: 1.
Compressed class space mapped at: 0x0000014f15000000-0x0000014f55000000, reserved size: 1073741824
Narrow klass base: 0x0000014f14000000, Narrow klass shift: 0, Narrow klass range: 0x41000000

GC Precious Log:
 CardTable entry size: 512
 Card Set container configuration: InlinePtr #cards 4 size 8 Array Of Cards #cards 16 size 48 Howl #buckets 8 coarsen threshold 3686 Howl Bitmap #cards 512 size 80 coarsen threshold 460 Card regions per heap region 1 cards per card region 4096
 CPUs: 16 total, 16 available
 Memory: 16024M
 Large Page Support: Disabled
 NUMA Support: Disabled
 Compressed Oops: Enabled (Zero based)
 Heap Region Size: 2M
 Heap Min Capacity: 8M
 Heap Initial Capacity: 252M
 Heap Max Capacity: 4008M
 Pre-touch: Disabled
 Parallel Workers: 13
 Concurrent Workers: 3
 Concurrent Refinement Workers: 13
 Periodic GC: Disabled

Heap:
 garbage-first heap   total reserved 4104192K, committed 40960K, used 12946K [0x0000000705800000, 0x0000000800000000)
  region size 2048K, 2 young (4096K), 2 survivors (4096K)
 Metaspace       used 23385K, committed 23808K, reserved 1114112K
  class space    used 3260K, committed 3456K, reserved 1048576K

Heap Regions: E=young(eden), S=young(survivor), O=old, HS=humongous(starts), HC=humongous(continues), CS=collection set, F=free, TAMS=top-at-mark-start, PB=parsable bottom
|   0|0x0000000705800000, 0x0000000705a00000, 0x0000000705a00000|100%| O|  |TAMS 0x0000000705a00000| PB 0x0000000705800000| Untracked |  0
|   1|0x0000000705a00000, 0x0000000705c00000, 0x0000000705c00000|100%| O|  |TAMS 0x0000000705c00000| PB 0x0000000705a00000| Untracked |  0
|   2|0x0000000705c00000, 0x0000000705e00000, 0x0000000705e00000|100%| O|  |TAMS 0x0000000705d64f10| PB 0x0000000705c00000| Untracked |  0
|   3|0x0000000705e00000, 0x0000000705e61f60, 0x0000000706000000| 19%| O|  |TAMS 0x0000000705e00000| PB 0x0000000705e00000| Untracked |  0
|   4|0x0000000706000000, 0x0000000706200000, 0x0000000706200000|100%| O|  |TAMS 0x0000000706200000| PB 0x0000000706000000| Untracked |  0
|   5|0x0000000706200000, 0x0000000706400000, 0x0000000706400000|100%| O|  |TAMS 0x0000000706400000| PB 0x0000000706200000| Untracked |  0
|   6|0x0000000706400000, 0x0000000706400000, 0x0000000706600000|  0%| F|  |TAMS 0x0000000706400000| PB 0x0000000706400000| Untracked |  0
|   7|0x0000000706600000, 0x0000000706600000, 0x0000000706800000|  0%| F|  |TAMS 0x0000000706600000| PB 0x0000000706600000| Untracked |  0
|   8|0x0000000706800000, 0x0000000706800000, 0x0000000706a00000|  0%| F|  |TAMS 0x0000000706800000| PB 0x0000000706800000| Untracked |  0
|   9|0x0000000706a00000, 0x0000000706a00000, 0x0000000706c00000|  0%| F|  |TAMS 0x0000000706a00000| PB 0x0000000706a00000| Untracked |  0
|  10|0x0000000706c00000, 0x0000000706c00000, 0x0000000706e00000|  0%| F|  |TAMS 0x0000000706c00000| PB 0x0000000706c00000| Untracked |  0
|  11|0x0000000706e00000, 0x0000000706e00000, 0x0000000707000000|  0%| F|  |TAMS 0x0000000706e00000| PB 0x0000000706e00000| Untracked |  0
|  12|0x0000000707000000, 0x0000000707000000, 0x0000000707200000|  0%| F|  |TAMS 0x0000000707000000| PB 0x0000000707000000| Untracked |  0
|  13|0x0000000707200000, 0x0000000707200000, 0x0000000707400000|  0%| F|  |TAMS 0x0000000707200000| PB 0x0000000707200000| Untracked |  0
|  14|0x0000000707400000, 0x0000000707400000, 0x0000000707600000|  0%| F|  |TAMS 0x0000000707400000| PB 0x0000000707400000| Untracked |  0
|  15|0x0000000707600000, 0x0000000707642b00, 0x0000000707800000| 13%| S|CS|TAMS 0x0000000707600000| PB 0x0000000707600000| Complete |  0
| 106|0x0000000712c00000, 0x0000000712e00000, 0x0000000712e00000|100%| S|CS|TAMS 0x0000000712c00000| PB 0x0000000712c00000| Complete |  0
| 107|0x0000000712e00000, 0x0000000712e00000, 0x0000000713000000|  0%| F|  |TAMS 0x0000000712e00000| PB 0x0000000712e00000| Untracked |  0
| 124|0x0000000715000000, 0x0000000715000000, 0x0000000715200000|  0%| F|  |TAMS 0x0000000715000000| PB 0x0000000715000000| Untracked |  0
| 125|0x0000000715200000, 0x0000000715200000, 0x0000000715400000|  0%| F|  |TAMS 0x0000000715200000| PB 0x0000000715200000| Untracked |  0

Card table byte_map: [0x0000014f0bc90000,0x0000014f0c470000] _byte_map_base: 0x0000014f08464000

Marking Bits: (CMBitMap*) 0x0000014f7fab3f10
 Bits: [0x0000014f0c470000, 0x0000014f10310000)

Polling page: 0x0000014f7d9c0000

Metaspace:

Usage:
  Non-class:     19.65 MB used.
      Class:      3.18 MB used.
       Both:     22.84 MB used.

Virtual space:
  Non-class space:       64.00 MB reserved,      19.88 MB ( 31%) committed,  1 nodes.
      Class space:        1.00 GB reserved,       3.38 MB ( <1%) committed,  1 nodes.
             Both:        1.06 GB reserved,      23.25 MB (  2%) committed. 

Chunk freelists:
   Non-Class:  11.38 MB
       Class:  12.51 MB
        Both:  23.89 MB

MaxMetaspaceSize: unlimited
CompressedClassSpaceSize: 1.00 GB
Initial GC threshold: 21.00 MB
Current GC threshold: 23.25 MB
CDS: on
 - commit_granule_bytes: 65536.
 - commit_granule_words: 8192.
 - virtual_space_node_default_size: 8388608.
 - enlarge_chunks_in_place: 1.
 - use_allocation_guard: 0.


Internal statistics:

num_allocs_failed_limit: 3.
num_arena_births: 584.
num_arena_deaths: 0.
num_vsnodes_births: 2.
num_vsnodes_deaths: 0.
num_space_committed: 372.
num_space_uncommitted: 0.
num_chunks_returned_to_freelist: 3.
num_chunks_taken_from_freelist: 1345.
num_chunk_merges: 0.
num_chunk_splits: 908.
num_chunks_enlarged: 635.
num_inconsistent_stats: 0.

CodeCache: size=49152Kb used=12848Kb max_used=12848Kb free=36303Kb
 bounds [0x0000014f08290000, 0x0000014f08f20000, 0x0000014f0b290000]
 total_blobs=4081 nmethods=3522 adapters=472
 compilation: enabled
              stopped_count=0, restarted_count=0
 full_count=0

Compilation events (20 events):
Event: 1.711 Thread 0x0000014f13450090 3506       1       java.lang.invoke.LambdaFormBuffer::replaceName (124 bytes)
Event: 1.711 Thread 0x0000014f13450090 nmethod 3506 0x0000014f08f14610 code [0x0000014f08f147c0, 0x0000014f08f148d0]
Event: 1.711 Thread 0x0000014f134cf730 3507       1       java.lang.Long::longValue (5 bytes)
Event: 1.711 Thread 0x0000014f134cf730 nmethod 3507 0x0000014f08f14f90 code [0x0000014f08f15120, 0x0000014f08f151e8]
Event: 1.718 Thread 0x0000014f59a3f4d0 3511       1       java.lang.invoke.BoundMethodHandle::speciesDataFor (34 bytes)
Event: 1.718 Thread 0x0000014f13450090 3512       1       java.lang.invoke.LambdaFormBuffer::clearDuplicatesAndNulls (268 bytes)
Event: 1.718 Thread 0x0000014f59a3f4d0 nmethod 3511 0x0000014f08f15590 code [0x0000014f08f15740, 0x0000014f08f158d8]
Event: 1.719 Thread 0x0000014f13450090 nmethod 3512 0x0000014f08f15a10 code [0x0000014f08f15c00, 0x0000014f08f161b8]
Event: 1.720 Thread 0x0000014f134cf730 3515       1       java.lang.invoke.LambdaForm::arguments (47 bytes)
Event: 1.720 Thread 0x0000014f134cf730 nmethod 3515 0x0000014f08f17190 code [0x0000014f08f17380, 0x0000014f08f17828]
Event: 1.722 Thread 0x0000014f591b9120 3518       1       java.lang.invoke.StringConcatFactory::classIndex (84 bytes)
Event: 1.722 Thread 0x0000014f59a3e200 3519       1       java.lang.invoke.MethodHandles::argumentsWithCombiner (130 bytes)
Event: 1.722 Thread 0x0000014f591b8a60 3520       1       java.lang.invoke.MethodHandles::argumentsWithCombinerChecks (197 bytes)
Event: 1.722 Thread 0x0000014f591b9120 nmethod 3518 0x0000014f08f17c10 code [0x0000014f08f17e60, 0x0000014f08f183d0]
Event: 1.723 Thread 0x0000014f59a3e200 nmethod 3519 0x0000014f08f18610 code [0x0000014f08f18840, 0x0000014f08f18da0]
Event: 1.723 Thread 0x0000014f591b8a60 nmethod 3520 0x0000014f08f19290 code [0x0000014f08f19580, 0x0000014f08f19ec8]
Event: 1.727 Thread 0x0000014f59a3b9a0 3521       1       java.lang.invoke.MethodHandleImpl$AsVarargsCollector::getTarget (5 bytes)
Event: 1.727 Thread 0x0000014f59a3b9a0 nmethod 3521 0x0000014f08f1a590 code [0x0000014f08f1a720, 0x0000014f08f1a7f0]
Event: 1.730 Thread 0x0000014f59a433d0 3523       1       org.springframework.asm.SymbolTable::get (13 bytes)
Event: 1.731 Thread 0x0000014f59a433d0 nmethod 3523 0x0000014f08f1bf10 code [0x0000014f08f1c0a0, 0x0000014f08f1c1b8]

GC Heap History (11 events):
Event: 0.560 GC heap before
{Heap before GC invocations=0 (full 0):
 garbage-first heap   total reserved 4104192K, committed 258048K, used 24576K [0x0000000705800000, 0x0000000800000000)
  region size 2048K, 12 young (24576K), 0 survivors (0K)
 Metaspace       used 7068K, committed 7360K, reserved 1114112K
  class space    used 891K, committed 1024K, reserved 1048576K
}
Event: 0.565 GC heap after
{Heap after GC invocations=1 (full 0):
 garbage-first heap   total reserved 4104192K, committed 258048K, used 5200K [0x0000000705800000, 0x0000000800000000)
  region size 2048K, 2 young (4096K), 2 survivors (4096K)
 Metaspace       used 7068K, committed 7360K, reserved 1114112K
  class space    used 891K, committed 1024K, reserved 1048576K
}
Event: 0.971 GC heap before
{Heap before GC invocations=1 (full 0):
 garbage-first heap   total reserved 4104192K, committed 258048K, used 33872K [0x0000000705800000, 0x0000000800000000)
  region size 2048K, 18 young (36864K), 2 survivors (4096K)
 Metaspace       used 13954K, committed 14272K, reserved 1114112K
  class space    used 1896K, committed 2048K, reserved 1048576K
}
Event: 0.976 GC heap after
{Heap after GC invocations=2 (full 0):
 garbage-first heap   total reserved 4104192K, committed 258048K, used 7790K [0x0000000705800000, 0x0000000800000000)
  region size 2048K, 2 young (4096K), 2 survivors (4096K)
 Metaspace       used 13954K, committed 14272K, reserved 1114112K
  class space    used 1896K, committed 2048K, reserved 1048576K
}
Event: 1.142 GC heap before
{Heap before GC invocations=3 (full 0):
 garbage-first heap   total reserved 4104192K, committed 34816K, used 32366K [0x0000000705800000, 0x0000000800000000)
  region size 2048K, 14 young (28672K), 2 survivors (4096K)
 Metaspace       used 18564K, committed 18944K, reserved 1114112K
  class space    used 2547K, committed 2752K, reserved 1048576K
}
Event: 1.146 GC heap after
{Heap after GC invocations=4 (full 0):
 garbage-first heap   total reserved 4104192K, committed 40960K, used 11662K [0x0000000705800000, 0x0000000800000000)
  region size 2048K, 3 young (6144K), 3 survivors (6144K)
 Metaspace       used 18564K, committed 18944K, reserved 1114112K
  class space    used 2547K, committed 2752K, reserved 1048576K
}
Event: 1.295 GC heap before
{Heap before GC invocations=4 (full 0):
 garbage-first heap   total reserved 4104192K, committed 40960K, used 30094K [0x0000000705800000, 0x0000000800000000)
  region size 2048K, 12 young (24576K), 3 survivors (6144K)
 Metaspace       used 19767K, committed 20160K, reserved 1114112K
  class space    used 2724K, committed 2880K, reserved 1048576K
}
Event: 1.300 GC heap after
{Heap after GC invocations=5 (full 0):
 garbage-first heap   total reserved 4104192K, committed 40960K, used 11290K [0x0000000705800000, 0x0000000800000000)
  region size 2048K, 2 young (4096K), 2 survivors (4096K)
 Metaspace       used 19767K, committed 20160K, reserved 1114112K
  class space    used 2724K, committed 2880K, reserved 1048576K
}
Event: 1.642 GC heap before
{Heap before GC invocations=5 (full 0):
 garbage-first heap   total reserved 4104192K, committed 40960K, used 29722K [0x0000000705800000, 0x0000000800000000)
  region size 2048K, 11 young (22528K), 2 survivors (4096K)
 Metaspace       used 22286K, committed 22656K, reserved 1114112K
  class space    used 3099K, committed 3264K, reserved 1048576K
}
Event: 1.650 GC heap after
{Heap after GC invocations=6 (full 0):
 garbage-first heap   total reserved 4104192K, committed 40960K, used 12336K [0x0000000705800000, 0x0000000800000000)
  region size 2048K, 2 young (4096K), 2 survivors (4096K)
 Metaspace       used 22286K, committed 22656K, reserved 1114112K
  class space    used 3099K, committed 3264K, reserved 1048576K
}
Event: 1.732 GC heap before
{Heap before GC invocations=6 (full 0):
 garbage-first heap   total reserved 4104192K, committed 40960K, used 16432K [0x0000000705800000, 0x0000000800000000)
  region size 2048K, 5 young (10240K), 2 survivors (4096K)
 Metaspace       used 23385K, committed 23808K, reserved 1114112K
  class space    used 3260K, committed 3456K, reserved 1048576K
}

Dll operation events (12 events):
Event: 0.010 Loaded shared library D:\Environment\JDK22\bin\java.dll
Event: 0.095 Loaded shared library D:\Environment\JDK22\bin\zip.dll
Event: 0.099 Loaded shared library D:\Environment\JDK22\bin\instrument.dll
Event: 0.103 Loaded shared library D:\Environment\JDK22\bin\net.dll
Event: 0.106 Loaded shared library D:\Environment\JDK22\bin\nio.dll
Event: 0.107 Loaded shared library D:\Environment\JDK22\bin\zip.dll
Event: 0.153 Loaded shared library D:\Intellij Idea\IntelliJ IDEA 2024.2.1\bin\breakgen64.dll
Event: 0.161 Loaded shared library D:\Environment\JDK22\bin\jimage.dll
Event: 0.171 Loaded shared library D:\Environment\JDK22\bin\extnet.dll
Event: 0.182 Loaded shared library D:\Environment\JDK22\bin\management.dll
Event: 0.190 Loaded shared library D:\Environment\JDK22\bin\management_ext.dll
Event: 1.149 Loaded shared library D:\Environment\JDK22\bin\sunmscapi.dll

Deoptimization events (0 events):
No events

Classes loaded (20 events):
Event: 1.702 Loading class java/lang/runtime/ObjectMethods done
Event: 1.703 Loading class java/lang/invoke/MethodHandleImpl$Makers
Event: 1.703 Loading class java/lang/invoke/MethodHandleImpl$Makers done
Event: 1.703 Loading class java/lang/invoke/MethodHandleImpl$Makers$1
Event: 1.703 Loading class java/lang/invoke/MethodHandleImpl$Makers$1 done
Event: 1.703 Loading class java/lang/invoke/MethodHandleImpl$Makers$2
Event: 1.703 Loading class java/lang/invoke/MethodHandleImpl$Makers$2 done
Event: 1.703 Loading class java/lang/invoke/MethodHandleImpl$Makers$3
Event: 1.703 Loading class java/lang/invoke/MethodHandleImpl$Makers$3 done
Event: 1.705 Loading class java/lang/runtime/ObjectMethods$1
Event: 1.705 Loading class java/lang/runtime/ObjectMethods$1 done
Event: 1.706 Loading class java/lang/invoke/DirectMethodHandle$1
Event: 1.706 Loading class java/lang/invoke/DirectMethodHandle$1 done
Event: 1.720 Loading class java/lang/invoke/MethodHandleImpl$CountingWrapper
Event: 1.720 Loading class java/lang/invoke/MethodHandleImpl$CountingWrapper done
Event: 1.729 Loading class java/util/DualPivotQuicksort
Event: 1.729 Loading class java/util/DualPivotQuicksort done
Event: 1.729 Loading class java/util/DualPivotQuicksort$SortOperation
Event: 1.729 Loading class java/util/DualPivotQuicksort$SortOperation done
Event: 1.732 Loading class jdk/internal/org/objectweb/asm/ClassReader

Classes unloaded (0 events):
No events

Classes redefined (0 events):
No events

Internal exceptions (20 events):
Event: 1.669 Thread 0x0000014f7d73c010 Exception <a 'java/lang/NoSuchMethodError'{0x0000000715330f60}: 'void java.lang.invoke.DelegatingMethodHandle$Holder.reinvoke_L(java.lang.Object, java.lang.Object, int)'> (0x0000000715330f60) 
thrown [s\open\src\hotspot\share\interpreter\linkResolver.cpp, line 774]
Event: 1.671 Thread 0x0000014f7d73c010 Exception <a 'java/lang/NoSuchMethodError'{0x0000000715346720}: 'java.lang.Object java.lang.invoke.DirectMethodHandle$Holder.newInvokeSpecial(java.lang.Object, java.lang.Object, java.lang.Object, java.lang.Object, java.lang.Object, java.lang.Object)'> (0x0000000715346720) 
thrown [s\open\src\hotspot\share\interpreter\linkResolver.cpp, line 774]
Event: 1.675 Thread 0x0000014f7d73c010 Exception <a 'java/lang/NoSuchMethodError'{0x00000007153940a0}: 'void java.lang.invoke.DirectMethodHandle$Holder.invokeStaticInit(java.lang.Object)'> (0x00000007153940a0) 
thrown [s\open\src\hotspot\share\interpreter\linkResolver.cpp, line 774]
Event: 1.703 Thread 0x0000014f7d73c010 Exception <a 'java/lang/NoSuchMethodError'{0x000000071515ece0}: 'java.lang.Object java.lang.invoke.DirectMethodHandle$Holder.invokeStaticInit(java.lang.Object, java.lang.Object, java.lang.Object, java.lang.Object, java.lang.Object, java.lang.Object, java.lang.Object)'> (0x000000071515ece0) 
thrown [s\open\src\hotspot\share\interpreter\linkResolver.cpp, line 774]
Event: 1.704 Thread 0x0000014f7d73c010 Exception <a 'java/lang/NoSuchMethodError'{0x0000000715191bf8}: 'java.lang.Object java.lang.invoke.Invokers$Holder.invoker(java.lang.Object, java.lang.Object, java.lang.Object, java.lang.Object, java.lang.Object, java.lang.Object, java.lang.Object, java.lang.Object, java.lang.Object, java.lang.Object, java.lang.Object, java.lang.Object, java.lang.Object, java.lang.Object)'> (0x0000000715191bf8) 
thrown [s\open\src\hotspot\share\interpreter\linkResolver.cpp, line 774]
Event: 1.704 Thread 0x0000014f7d73c010 Exception <a 'java/lang/NoSuchMethodError'{0x000000071519c098}: 'java.lang.Object java.lang.invoke.DelegatingMethodHandle$Holder.delegate(java.lang.Object, java.lang.Object, java.lang.Object, java.lang.Object, java.lang.Object, java.lang.Object, java.lang.Object, java.lang.Object, java.lang.Object, java.lang.Object, java.lang.Object, java.lang.Object, java.lang.Object, java.lang.Object)'> (0x000000071519c098) 
thrown [s\open\src\hotspot\share\interpreter\linkResolver.cpp, line 774]
Event: 1.705 Thread 0x0000014f7d73c010 Exception <a 'java/lang/NoSuchMethodError'{0x00000007151a9598}: 'int java.lang.invoke.DirectMethodHandle$Holder.invokeVirtual(java.lang.Object, java.lang.Object, java.lang.Object)'> (0x00000007151a9598) 
thrown [s\open\src\hotspot\share\interpreter\linkResolver.cpp, line 774]
Event: 1.705 Thread 0x0000014f7d73c010 Exception <a 'java/lang/NoSuchMethodError'{0x00000007151acc48}: 'int java.lang.invoke.DirectMethodHandle$Holder.invokeVirtual(java.lang.Object, java.lang.Object)'> (0x00000007151acc48) 
thrown [s\open\src\hotspot\share\interpreter\linkResolver.cpp, line 774]
Event: 1.705 Thread 0x0000014f7d73c010 Exception <a 'java/lang/NoSuchMethodError'{0x00000007151b0c50}: 'int java.lang.invoke.DirectMethodHandle$Holder.invokeStaticInit(java.lang.Object, int, int)'> (0x00000007151b0c50) 
thrown [s\open\src\hotspot\share\interpreter\linkResolver.cpp, line 774]
Event: 1.705 Thread 0x0000014f7d73c010 Exception <a 'java/lang/NoSuchMethodError'{0x00000007151b8128}: 'int java.lang.invoke.DirectMethodHandle$Holder.invokeStaticInit(java.lang.Object, long, long)'> (0x00000007151b8128) 
thrown [s\open\src\hotspot\share\interpreter\linkResolver.cpp, line 774]
Event: 1.705 Thread 0x0000014f7d73c010 Exception <a 'java/lang/NoSuchMethodError'{0x00000007151beba0}: 'int java.lang.invoke.DirectMethodHandle$Holder.invokeStaticInit(java.lang.Object, float, float)'> (0x00000007151beba0) 
thrown [s\open\src\hotspot\share\interpreter\linkResolver.cpp, line 774]
Event: 1.706 Thread 0x0000014f7d73c010 Exception <a 'java/lang/NoSuchMethodError'{0x00000007151c5610}: 'int java.lang.invoke.DirectMethodHandle$Holder.invokeStaticInit(java.lang.Object, double, double)'> (0x00000007151c5610) 
thrown [s\open\src\hotspot\share\interpreter\linkResolver.cpp, line 774]
Event: 1.706 Thread 0x0000014f7d73c010 Exception <a 'java/lang/NoSuchMethodError'{0x00000007151c9a88}: 'int java.lang.invoke.DirectMethodHandle$Holder.invokeStatic(java.lang.Object, long)'> (0x00000007151c9a88) 
thrown [s\open\src\hotspot\share\interpreter\linkResolver.cpp, line 774]
Event: 1.707 Thread 0x0000014f7d73c010 Exception <a 'java/lang/NoSuchMethodError'{0x00000007151ec358}: 'int java.lang.invoke.DirectMethodHandle$Holder.invokeSpecial(java.lang.Object, java.lang.Object, int)'> (0x00000007151ec358) 
thrown [s\open\src\hotspot\share\interpreter\linkResolver.cpp, line 774]
Event: 1.709 Thread 0x0000014f7d73c010 Exception <a 'java/lang/NoSuchMethodError'{0x00000007151f38e0}: 'int java.lang.invoke.Invokers$Holder.linkToTargetMethod(java.lang.Object, java.lang.Object)'> (0x00000007151f38e0) 
thrown [s\open\src\hotspot\share\interpreter\linkResolver.cpp, line 774]
Event: 1.718 Thread 0x0000014f7d73c010 Exception <a 'java/lang/NoSuchMethodError'{0x0000000712ed9728}: 'java.lang.Object java.lang.invoke.Invokers$Holder.invoke_MT(java.lang.Object, java.lang.Object, java.lang.Object, java.lang.Object, java.lang.Object, java.lang.Object, java.lang.Object, java.lang.Object, java.lang.Object, java.lang.Object)'> (0x0000000712ed9728) 
thrown [s\open\src\hotspot\share\interpreter\linkResolver.cpp, line 774]
Event: 1.720 Thread 0x0000014f7d73c010 Exception <a 'java/lang/NoSuchMethodError'{0x0000000712f17320}: 'java.lang.Object java.lang.invoke.DirectMethodHandle$Holder.invokeSpecial(java.lang.Object, java.lang.Object, int, java.lang.Object, java.lang.Object)'> (0x0000000712f17320) 
thrown [s\open\src\hotspot\share\interpreter\linkResolver.cpp, line 774]
Event: 1.720 Thread 0x0000014f7d73c010 Exception <a 'java/lang/NoSuchMethodError'{0x0000000712f1ad60}: 'java.lang.Object java.lang.invoke.DelegatingMethodHandle$Holder.delegate(java.lang.Object, int, java.lang.Object, java.lang.Object)'> (0x0000000712f1ad60) 
thrown [s\open\src\hotspot\share\interpreter\linkResolver.cpp, line 774]
Event: 1.721 Thread 0x0000014f7d73c010 Exception <a 'java/lang/NoSuchMethodError'{0x0000000712f2a268}: 'int java.lang.invoke.Invokers$Holder.linkToTargetMethod(java.lang.Object, java.lang.Object, java.lang.Object)'> (0x0000000712f2a268) 
thrown [s\open\src\hotspot\share\interpreter\linkResolver.cpp, line 774]
Event: 1.729 Thread 0x0000014f7d73c010 Exception <a 'java/lang/NoSuchMethodError'{0x0000000712fbe118}: 'void java.lang.invoke.DirectMethodHandle$Holder.invokeStatic(java.lang.Object, java.lang.Object, int, int)'> (0x0000000712fbe118) 
thrown [s\open\src\hotspot\share\interpreter\linkResolver.cpp, line 774]

ZGC Phase Switch (0 events):
No events

VM Operations (20 events):
Event: 1.043 Executing VM operation: HandshakeAllThreads (Deoptimize) done
Event: 1.069 Executing VM operation: HandshakeAllThreads (Deoptimize)
Event: 1.069 Executing VM operation: HandshakeAllThreads (Deoptimize) done
Event: 1.132 Executing VM operation: HandshakeAllThreads (Deoptimize)
Event: 1.132 Executing VM operation: HandshakeAllThreads (Deoptimize) done
Event: 1.142 Executing VM operation: G1CollectForAllocation (G1 Evacuation Pause)
Event: 1.146 Executing VM operation: G1CollectForAllocation (G1 Evacuation Pause) done
Event: 1.183 Executing VM operation: HandshakeAllThreads (Deoptimize)
Event: 1.183 Executing VM operation: HandshakeAllThreads (Deoptimize) done
Event: 1.294 Executing VM operation: G1CollectForAllocation (G1 Evacuation Pause)
Event: 1.300 Executing VM operation: G1CollectForAllocation (G1 Evacuation Pause) done
Event: 1.529 Executing VM operation: HandshakeAllThreads (Deoptimize)
Event: 1.529 Executing VM operation: HandshakeAllThreads (Deoptimize) done
Event: 1.530 Executing VM operation: HandshakeAllThreads (Deoptimize)
Event: 1.530 Executing VM operation: HandshakeAllThreads (Deoptimize) done
Event: 1.642 Executing VM operation: G1CollectForAllocation (G1 Evacuation Pause)
Event: 1.650 Executing VM operation: G1CollectForAllocation (G1 Evacuation Pause) done
Event: 1.712 Executing VM operation: HandshakeAllThreads (Deoptimize)
Event: 1.712 Executing VM operation: HandshakeAllThreads (Deoptimize) done
Event: 1.732 Executing VM operation: CollectForMetadataAllocation (Metadata GC Threshold)

Memory protections (0 events):
No events

Nmethod flushes (0 events):
No events

Events (20 events):
Event: 0.154 Thread 0x0000014f7d73c010 Thread added: 0x0000014f1381fcf0
Event: 0.154 Thread 0x0000014f7d73c010 Thread added: 0x0000014f59020090
Event: 0.265 Thread 0x0000014f135c6b50 Thread added: 0x0000014f5915bd80
Event: 0.270 Thread 0x0000014f135c6b50 Thread added: 0x0000014f591b8a60
Event: 0.270 Thread 0x0000014f135c6b50 Thread added: 0x0000014f591b9120
Event: 0.360 Thread 0x0000014f7d73c010 Thread added: 0x0000014f592d86a0
Event: 0.910 Thread 0x0000014f7d73c010 Thread added: 0x0000014f5986df80
Event: 0.970 Thread 0x0000014f591b8a60 Thread added: 0x0000014f59a3b9a0
Event: 0.970 Thread 0x0000014f591b8a60 Thread added: 0x0000014f59a3d070
Event: 0.970 Thread 0x0000014f591b8a60 Thread added: 0x0000014f59a3db40
Event: 0.970 Thread 0x0000014f591b8a60 Thread added: 0x0000014f59a3e200
Event: 0.971 Thread 0x0000014f591b8a60 Thread added: 0x0000014f59a3f4d0
Event: 0.976 Thread 0x0000014f591b8a60 Thread added: 0x0000014f59a433d0
Event: 1.152 Thread 0x0000014f7d73c010 Thread added: 0x0000014f59d4c540
Event: 1.158 Thread 0x0000014f5986df80 Thread exited: 0x0000014f5986df80
Event: 1.169 Thread 0x0000014f59d4c540 Thread exited: 0x0000014f59d4c540
Event: 1.550 Thread 0x0000014f592d86a0 Thread added: 0x0000014f5a042700
Event: 1.566 Thread 0x0000014f5a042700 Thread added: 0x0000014f5a06c4e0
Event: 1.573 Thread 0x0000014f5a042700 Thread added: 0x0000014f5a07e690
Event: 1.593 Thread 0x0000014f5a07e690 Thread exited: 0x0000014f5a07e690


Dynamic libraries:
0x00007ff6d4e60000 - 0x00007ff6d4e70000 	D:\Environment\JDK22\bin\java.exe
0x00007ffd9bdf0000 - 0x00007ffd9c007000 	C:\windows\SYSTEM32\ntdll.dll
0x00007ffd99f00000 - 0x00007ffd99fc4000 	C:\windows\System32\KERNEL32.DLL
0x00007ffd99380000 - 0x00007ffd99750000 	C:\windows\System32\KERNELBASE.dll
0x00007ffd998f0000 - 0x00007ffd99a01000 	C:\windows\System32\ucrtbase.dll
0x00007ffd90300000 - 0x00007ffd9031b000 	D:\Environment\JDK22\bin\VCRUNTIME140.dll
0x00007ffd90110000 - 0x00007ffd90127000 	D:\Environment\JDK22\bin\jli.dll
0x00007ffd9b890000 - 0x00007ffd9ba3e000 	C:\windows\System32\USER32.dll
0x00007ffd99a10000 - 0x00007ffd99a36000 	C:\windows\System32\win32u.dll
0x00007ffd99e10000 - 0x00007ffd99e39000 	C:\windows\System32\GDI32.dll
0x00007ffd99750000 - 0x00007ffd9986b000 	C:\windows\System32\gdi32full.dll
0x00007ffd7a8c0000 - 0x00007ffd7ab52000 	C:\windows\WinSxS\amd64_microsoft.windows.common-controls_6595b64144ccf1df_6.0.22621.4830_none_270fe7d773858e80\COMCTL32.dll
0x00007ffd99a40000 - 0x00007ffd99ada000 	C:\windows\System32\msvcp_win.dll
0x00007ffd9bd00000 - 0x00007ffd9bda7000 	C:\windows\System32\msvcrt.dll
0x00007ffd9baf0000 - 0x00007ffd9bb21000 	C:\windows\System32\IMM32.DLL
0x00007ffd90990000 - 0x00007ffd9099c000 	D:\Environment\JDK22\bin\vcruntime140_1.dll
0x00007ffd90080000 - 0x00007ffd9010e000 	D:\Environment\JDK22\bin\msvcp140.dll
0x00007ffd1e7e0000 - 0x00007ffd1f529000 	D:\Environment\JDK22\bin\server\jvm.dll
0x00007ffd9a9d0000 - 0x00007ffd9aa81000 	C:\windows\System32\ADVAPI32.dll
0x00007ffd9ba40000 - 0x00007ffd9bae7000 	C:\windows\System32\sechost.dll
0x00007ffd990a0000 - 0x00007ffd990c8000 	C:\windows\System32\bcrypt.dll
0x00007ffd99ae0000 - 0x00007ffd99bf4000 	C:\windows\System32\RPCRT4.dll
0x00007ffd9ab20000 - 0x00007ffd9ab91000 	C:\windows\System32\WS2_32.dll
0x00007ffd8d970000 - 0x00007ffd8d97a000 	C:\windows\SYSTEM32\VERSION.dll
0x00007ffd97f10000 - 0x00007ffd97f5d000 	C:\windows\SYSTEM32\POWRPROF.dll
0x00007ffd8fc60000 - 0x00007ffd8fc94000 	C:\windows\SYSTEM32\WINMM.dll
0x00007ffd97ef0000 - 0x00007ffd97f03000 	C:\windows\SYSTEM32\UMPDC.dll
0x00007ffd981b0000 - 0x00007ffd981c8000 	C:\windows\SYSTEM32\kernel.appcore.dll
0x00007ffd90070000 - 0x00007ffd9007a000 	D:\Environment\JDK22\bin\jimage.dll
0x00007ffd96890000 - 0x00007ffd96ac2000 	C:\windows\SYSTEM32\DBGHELP.DLL
0x00007ffd9ac00000 - 0x00007ffd9af90000 	C:\windows\System32\combase.dll
0x00007ffd9a7d0000 - 0x00007ffd9a8a7000 	C:\windows\System32\OLEAUT32.dll
0x00007ffd8bda0000 - 0x00007ffd8bdd2000 	C:\windows\SYSTEM32\dbgcore.DLL
0x00007ffd99870000 - 0x00007ffd998eb000 	C:\windows\System32\bcryptPrimitives.dll
0x00007ffd90060000 - 0x00007ffd9006f000 	D:\Environment\JDK22\bin\instrument.dll
0x00007ffd824b0000 - 0x00007ffd824ce000 	D:\Environment\JDK22\bin\java.dll
0x00007ffd9af90000 - 0x00007ffd9b808000 	C:\windows\System32\SHELL32.dll
0x00007ffd99c60000 - 0x00007ffd99e01000 	C:\windows\System32\ole32.dll
0x00007ffd96fb0000 - 0x00007ffd978c0000 	C:\windows\SYSTEM32\windows.storage.dll
0x00007ffd96e70000 - 0x00007ffd96faf000 	C:\windows\SYSTEM32\wintypes.dll
0x00007ffd9a8b0000 - 0x00007ffd9a9ba000 	C:\windows\System32\SHCORE.dll
0x00007ffd9aba0000 - 0x00007ffd9abfe000 	C:\windows\System32\shlwapi.dll
0x00007ffd98fd0000 - 0x00007ffd98ffb000 	C:\windows\SYSTEM32\profapi.dll
0x00007ffd76fa0000 - 0x00007ffd76fb7000 	D:\Environment\JDK22\bin\zip.dll
0x00007ffd8fe60000 - 0x00007ffd8fe70000 	D:\Environment\JDK22\bin\net.dll
0x00007ffd98650000 - 0x00007ffd986b9000 	C:\windows\system32\mswsock.dll
0x00007ffd76fc0000 - 0x00007ffd76fd6000 	D:\Environment\JDK22\bin\nio.dll
0x00007ffd76f30000 - 0x00007ffd76f4a000 	D:\Intellij Idea\IntelliJ IDEA 2024.2.1\bin\breakgen64.dll
0x00007ffd7b100000 - 0x00007ffd7b109000 	D:\Environment\JDK22\bin\extnet.dll
0x00007ffd97c00000 - 0x00007ffd97d02000 	C:\windows\SYSTEM32\DNSAPI.dll
0x00007ffd97b90000 - 0x00007ffd97bbd000 	C:\windows\SYSTEM32\IPHLPAPI.DLL
0x00007ffd9a9c0000 - 0x00007ffd9a9c9000 	C:\windows\System32\NSI.dll
0x00007ffd90b90000 - 0x00007ffd90b9a000 	C:\Windows\System32\rasadhlp.dll
0x00007ffd90c00000 - 0x00007ffd90c83000 	C:\windows\System32\fwpuclnt.dll
0x00007ffd7ae40000 - 0x00007ffd7ae4a000 	D:\Environment\JDK22\bin\management.dll
0x00007ffd78700000 - 0x00007ffd7870b000 	D:\Environment\JDK22\bin\management_ext.dll
0x00007ffd99ef0000 - 0x00007ffd99ef8000 	C:\windows\System32\PSAPI.DLL
0x00007ffd988a0000 - 0x00007ffd988bb000 	C:\windows\SYSTEM32\CRYPTSP.dll
0x00007ffd98100000 - 0x00007ffd98135000 	C:\windows\system32\rsaenh.dll
0x00007ffd98740000 - 0x00007ffd98768000 	C:\windows\SYSTEM32\USERENV.dll
0x00007ffd988c0000 - 0x00007ffd988cc000 	C:\windows\SYSTEM32\CRYPTBASE.dll
0x00007ffd6ec80000 - 0x00007ffd6ec97000 	C:\windows\system32\napinsp.dll
0x00007ffd6ec60000 - 0x00007ffd6ec7b000 	C:\windows\system32\pnrpnsp.dll
0x00007ffd6ec40000 - 0x00007ffd6ec51000 	C:\windows\System32\winrnr.dll
0x00007ffd90ba0000 - 0x00007ffd90bb5000 	C:\windows\system32\wshbth.dll
0x00007ffd6ec10000 - 0x00007ffd6ec37000 	C:\windows\system32\nlansp_c.dll
0x00007ffd76f20000 - 0x00007ffd76f2e000 	D:\Environment\JDK22\bin\sunmscapi.dll
0x00007ffd990d0000 - 0x00007ffd99236000 	C:\windows\System32\CRYPT32.dll
0x00007ffd98a40000 - 0x00007ffd98a6d000 	C:\windows\SYSTEM32\ncrypt.dll
0x00007ffd98a00000 - 0x00007ffd98a37000 	C:\windows\SYSTEM32\NTASN1.dll

dbghelp: loaded successfully - version: 4.0.5 - missing functions: none
symbol engine: initialized successfully - sym options: 0x614 - pdb path: .;D:\Environment\JDK22\bin;C:\windows\SYSTEM32;C:\windows\WinSxS\amd64_microsoft.windows.common-controls_6595b64144ccf1df_6.0.22621.4830_none_270fe7d773858e80;D:\Environment\JDK22\bin\server;D:\Intellij Idea\IntelliJ IDEA 2024.2.1\bin

VM Arguments:
jvm_args: -XX:TieredStopAtLevel=1 -Dspring.output.ansi.enabled=always -Dcom.sun.management.jmxremote -Dspring.jmx.enabled=true -Dspring.liveBeansView.mbeanDomain -Dspring.application.admin.enabled=true -Dmanagement.endpoints.jmx.exposure.include=* -javaagent:D:\Intellij Idea\IntelliJ IDEA 2024.2.1\lib\idea_rt.jar=49402:D:\Intellij Idea\IntelliJ IDEA 2024.2.1\bin -Dfile.encoding=UTF-8 -Dsun.stdout.encoding=UTF-8 -Dsun.stderr.encoding=UTF-8 
java_command: com.example.backend.BackEndApplication
java_class_path (initial): D:\专业语言\前后端\myself\4C\back-end\target\classes;D:\Environment\Maven\rely_on\org\springframework\boot\spring-boot-starter-web\3.4.2\spring-boot-starter-web-3.4.2.jar;D:\Environment\Maven\rely_on\org\springframework\boot\spring-boot-starter\3.4.2\spring-boot-starter-3.4.2.jar;D:\Environment\Maven\rely_on\org\springframework\boot\spring-boot\3.4.2\spring-boot-3.4.2.jar;D:\Environment\Maven\rely_on\org\springframework\boot\spring-boot-autoconfigure\3.4.2\spring-boot-autoconfigure-3.4.2.jar;D:\Environment\Maven\rely_on\org\springframework\boot\spring-boot-starter-logging\3.4.2\spring-boot-starter-logging-3.4.2.jar;D:\Environment\Maven\rely_on\ch\qos\logback\logback-classic\1.5.16\logback-classic-1.5.16.jar;D:\Environment\Maven\rely_on\ch\qos\logback\logback-core\1.5.16\logback-core-1.5.16.jar;D:\Environment\Maven\rely_on\org\apache\logging\log4j\log4j-to-slf4j\2.24.3\log4j-to-slf4j-2.24.3.jar;D:\Environment\Maven\rely_on\org\apache\logging\log4j\log4j-api\2.24.3\log4j-api-2.24.3.jar;D:\Environment\Maven\rely_on\org\slf4j\jul-to-slf4j\2.0.16\jul-to-slf4j-2.0.16.jar;D:\Environment\Maven\rely_on\jakarta\annotation\jakarta.annotation-api\2.1.1\jakarta.annotation-api-2.1.1.jar;D:\Environment\Maven\rely_on\org\yaml\snakeyaml\2.3\snakeyaml-2.3.jar;D:\Environment\Maven\rely_on\org\springframework\boot\spring-boot-starter-json\3.4.2\spring-boot-starter-json-3.4.2.jar;D:\Environment\Maven\rely_on\com\fasterxml\jackson\datatype\jackson-datatype-jdk8\2.18.2\jackson-datatype-jdk8-2.18.2.jar;D:\Environment\Maven\rely_on\com\fasterxml\jackson\datatype\jackson-datatype-jsr310\2.18.2\jackson-datatype-jsr310-2.18.2.jar;D:\Environment\Maven\rely_on\com\fasterxml\jackson\module\jackson-module-parameter-names\2.18.2\jackson-module-parameter-names-2.18.2.jar;D:\Environment\Maven\rely_on\org\springframework\boot\spring-boot-starter-tomcat\3.4.2\spring-boot-starter-tomcat-3.4.2.jar;D:\Environment\Maven\rely_on\org\apache\tomcat\embed\tomcat-embed-core\10.1.34\tomcat-embed-core-10.1.34.jar;D:\Environment\Maven\rely_on\org\apache\tomcat\embed\tomcat-embed-el\10.1.34\tomcat-embed-el-10.1.34.jar;D:\Environment\Maven\rely_on\org\apache\tomcat\embed\tomcat-embed-websocket\10.1.34\tomcat-embed-websocket-10.1.34.jar;D:\Environment\Maven\rely_on\org\springframework\spring-web\6.2.2\spring-web-6.2.2.jar;D:\Environment\Maven\rely_on\org\springframework\spring-beans\6.2.2\spring-beans-6.2.2.jar;D:\Environment\Maven\rely_on\io\micrometer\micrometer-observation\1.14.3\micrometer-observation-1.14.3.jar;D:\Environment\Maven\rely_on\io\micrometer\micrometer-commons\1.14.3\micrometer-commons-1.14.3.jar;D:\Environment\Maven\rely_on\org\springframework\spring-webmvc\6.2.2\spring-webmvc-6.2.2.jar;D:\Environment\Maven\rely_on\org\springframework\spring-aop\6.2.2\spring-aop-6.2.2.jar;D:\Environment\Maven\rely_on\org\springframework\spring-context\6.2.2\spring-context-6.2.2.jar;D:\Environment\Maven\rely_on\org\springframework\spring-expression\6.2.2\spring-expression-6.2.2.jar;D:\Environment\Maven\rely_on\org\mybatis\spring\boot\mybatis-spring-boot-starter\3.0.4\mybatis-spring-boot-starter-3.0.4.jar;D:\Environment\Maven\rely_on\org\springframework\boot\spring-boot-starter-jdbc\3.4.2\spring-boot-starter-jdbc-3.4.2.jar;D:\Environment\Maven\rely_on\com\zaxxer\HikariCP\5.1.0\HikariCP-5.1.0.jar;D:\Environment\Maven\rely_on\org\springframework\spring-jdbc\6.2.2\spring-jdbc-6.2.2.jar;D:\Environment\Maven\rely_on\org\mybatis\spring\boot\mybatis-spring-boot-autoconfigure\3.0.4\mybatis-spring-boot-autoconfigure-3.0.4.jar;D:\Environment\Maven\rely_on\org\mybatis\mybatis\3.5.17\mybatis-3.5.17.jar;D:\Environment\Maven\rely_on\org\mybatis\mybatis-spring\3.0.4\mybatis-spring-3.0.4.jar;D:\Environment\Maven\rely_on\com\alibaba\fastjson\2.0.53\fastjson-2.0.53.jar;D:\Environment\Maven\rely_on\com\alibaba\fastjson2\fastjson2-extension\2.0.53\fastjson2-extension-2.0.53.jar;D:\Environment\Maven\rely_on\com\alibaba\fastjson2\fastjson2\2.0.53\fastjson2-2.0.53.jar;D:\Environment\Maven\rely_on\com\auth0\java-jwt\3.8.2\java-jwt-3.8.2.jar;D:\Environment\Maven\rely_on\com\fasterxml\jackson\core\jackson-databind\2.18.2\jackson-databind-2.18.2.jar;D:\Environment\Maven\rely_on\com\fasterxml\jackson\core\jackson-annotations\2.18.2\jackson-annotations-2.18.2.jar;D:\Environment\Maven\rely_on\com\fasterxml\jackson\core\jackson-core\2.18.2\jackson-core-2.18.2.jar;D:\Environment\Maven\rely_on\commons-codec\commons-codec\1.17.2\commons-codec-1.17.2.jar;D:\Environment\Maven\rely_on\com\mysql\mysql-connector-j\9.1.0\mysql-connector-j-9.1.0.jar;D:\Environment\Maven\rely_on\org\slf4j\slf4j-api\2.0.16\slf4j-api-2.0.16.jar;D:\Environment\Maven\rely_on\org\springframework\spring-core\6.2.2\spring-core-6.2.2.jar;D:\Environment\Maven\rely_on\org\springframework\spring-jcl\6.2.2\spring-jcl-6.2.2.jar;D:\Environment\Maven\rely_on\org\springframework\spring-tx\6.2.2\spring-tx-6.2.2.jar;D:\Environment\Maven\rely_on\org\projectlombok\lombok\1.18.36\lombok-1.18.36.jar
Launcher Type: SUN_STANDARD

[Global flags]
     intx CICompilerCount                          = 12                                        {product} {ergonomic}
     uint ConcGCThreads                            = 3                                         {product} {ergonomic}
     uint G1ConcRefinementThreads                  = 13                                        {product} {ergonomic}
   size_t G1HeapRegionSize                         = 2097152                                   {product} {ergonomic}
   size_t InitialHeapSize                          = 264241152                                 {product} {ergonomic}
     bool ManagementServer                         = true                                      {product} {command line}
   size_t MarkStackSize                            = 4194304                                   {product} {ergonomic}
   size_t MaxHeapSize                              = 4202692608                                {product} {ergonomic}
   size_t MaxNewSize                               = 2520776704                                {product} {ergonomic}
   size_t MinHeapDeltaBytes                        = 2097152                                   {product} {ergonomic}
   size_t MinHeapSize                              = 8388608                                   {product} {ergonomic}
    uintx NonNMethodCodeHeapSize                   = 4096                                   {pd product} {ergonomic}
    uintx NonProfiledCodeHeapSize                  = 0                                      {pd product} {ergonomic}
     bool ProfileInterpreter                       = false                                  {pd product} {command line}
    uintx ProfiledCodeHeapSize                     = 0                                      {pd product} {ergonomic}
   size_t SoftMaxHeapSize                          = 4202692608                             {manageable} {ergonomic}
     intx TieredStopAtLevel                        = 1                                         {product} {command line}
     bool UseCompressedOops                        = true                           {product lp64_product} {ergonomic}
     bool UseG1GC                                  = true                                      {product} {ergonomic}
     bool UseLargePagesIndividualAllocation        = false                                  {pd product} {ergonomic}

Logging:
Log output configuration:
 #0: stdout all=warning uptime,level,tags foldmultilines=false
 #1: stderr all=off uptime,level,tags foldmultilines=false

Environment Variables:
JAVA_HOME=D:\安信工
CLASSPATH=.;D:\安信工\lib;D:\安信工\lib\dt.jar;D:\安信工\lib\tools.jar
PATH=C:\Program Files\Common Files\Oracle\Java\javapath;C:\Program Files\Microsoft\jdk-11.0.16.101-hotspot\bin;C:\windows\system32;C:\windows;C:\windows\System32\Wbem;C:\windows\System32\WindowsPowerShell\v1.0\;C:\windows\System32\OpenSSH\;C:\Program Files (x86)\NVIDIA Corporation\PhysX\Common;C:\Program Files\NVIDIA Corporation\NVIDIA NvDLISR;C:\Program Files\Microsoft SQL Server\150\Tools\Binn\;C:\Program Files\dotnet\;C:\windows\System32\Wbem;D:\C++\bin;D:\学习\cpeditor\mingw64\bin;C;\Program Files\Git\cmd;D:\安信工\bin;D:;安信工\jre\bin;C:;Program Files\MySQL\MySQL Server 8.4\bin;C:\Program Files\nodejs\;D:\Intellij Idea\IntelliJ IDEA 2024.2.1\bin;D:\Environment\JDK22\bin;C:\Program Files\HP\HP One Agent;C:\Program Files\Git\cmd;C:\Users\鲍克靖\AppData\Local\Microsoft\WindowsApps;C:\windows\System32\Wbem;D:\软件\IntelliJ IDEA Community Edition 2023.3.3\bin;;D:\新软件\VS\Microsoft VS Code\bin;C:\Users\鲍克靖\AppData\Roaming\npm;C:\Users\鲍克靖\AppData\Local\GitHubDesktop\bin
USERNAME=鲍克靖
OS=Windows_NT
PROCESSOR_IDENTIFIER=Intel64 Family 6 Model 186 Stepping 2, GenuineIntel
TMP=C:\Users\鲍克靖\AppData\Local\Temp
TEMP=C:\Users\鲍克靖\AppData\Local\Temp




Periodic native trim disabled

---------------  S Y S T E M  ---------------

OS:
 Windows 11 , 64 bit Build 22621 (10.0.22621.4830)
OS uptime: 0 days 4:13 hours
Hyper-V role detected

CPU: total 16 (initial active 16) (8 cores per cpu, 2 threads per core) family 6 model 186 stepping 2 microcode 0x4121, cx8, cmov, fxsr, ht, mmx, 3dnowpref, sse, sse2, sse3, ssse3, sse4.1, sse4.2, popcnt, lzcnt, tsc, tscinvbit, avx, avx2, aes, erms, clmul, bmi1, bmi2, adx, sha, fma, vzeroupper, clflush, clflushopt, clwb, hv, serialize, rdtscp, rdpid, fsrm, f16c, cet_ibt, cet_ss
Processor Information for processor 0
  Max Mhz: 2600, Current Mhz: 2600, Mhz Limit: 2600
Processor Information for processor 1
  Max Mhz: 2600, Current Mhz: 2600, Mhz Limit: 2600
Processor Information for processor 2
  Max Mhz: 2600, Current Mhz: 2600, Mhz Limit: 2600
Processor Information for processor 3
  Max Mhz: 2600, Current Mhz: 2600, Mhz Limit: 2600
Processor Information for processor 4
  Max Mhz: 2600, Current Mhz: 2600, Mhz Limit: 2600
Processor Information for processor 5
  Max Mhz: 2600, Current Mhz: 2600, Mhz Limit: 2600
Processor Information for processor 6
  Max Mhz: 2600, Current Mhz: 2600, Mhz Limit: 2600
Processor Information for processor 7
  Max Mhz: 2600, Current Mhz: 2600, Mhz Limit: 2600
Processor Information for processor 8
  Max Mhz: 2600, Current Mhz: 2600, Mhz Limit: 2600
Processor Information for processor 9
  Max Mhz: 2600, Current Mhz: 2600, Mhz Limit: 2600
Processor Information for processor 10
  Max Mhz: 2600, Current Mhz: 1505, Mhz Limit: 2600
Processor Information for processor 11
  Max Mhz: 2600, Current Mhz: 2600, Mhz Limit: 2600
Processor Information for processor 12
  Max Mhz: 2600, Current Mhz: 1505, Mhz Limit: 2600
Processor Information for processor 13
  Max Mhz: 2600, Current Mhz: 1505, Mhz Limit: 2600
Processor Information for processor 14
  Max Mhz: 2600, Current Mhz: 1505, Mhz Limit: 2600
Processor Information for processor 15
  Max Mhz: 2600, Current Mhz: 1505, Mhz Limit: 2600

Memory: 4k page, system-wide physical 16024M (5161M free)
TotalPageFile size 18072M (AvailPageFile size 2M)
current process WorkingSet (physical memory assigned to process): 126M, peak: 126M
current process commit charge ("private bytes"): 180M, peak: 377M

vm_info: Java HotSpot(TM) 64-Bit Server VM (22.0.2+9-70) for windows-amd64 JRE (22.0.2+9-70), built on 2024-06-04T16:52:23Z by "mach5one" with MS VC++ 17.6 (VS2022)

END.
